2023-06-12 13:21:11,131 - pyswarms.single.global_best - INFO - Optimize for 100 iters with {'c1': 0.5, 'c2': 0.3, 'w': 0.9}
2023-06-12 13:21:12,177 - pyswarms.single.global_best - INFO - Optimization finished | best cost: 2.4619758961979832e-08, best pos: [-8.13623856e-05  1.34163785e-04]
2023-06-12 13:22:24,800 - pyswarms.single.global_best - INFO - Optimize for 100 iters with {'c1': 0.5, 'c2': 0.3, 'w': 0.9}
2023-06-12 13:23:46,015 - pyswarms.single.global_best - INFO - Optimize for 100 iters with {'c1': 0.5, 'c2': 0.3, 'w': 0.9}
2023-06-12 13:23:56,623 - pyswarms.single.global_best - INFO - Optimize for 100 iters with {'c1': 0.5, 'c2': 0.3, 'w': 0.9}
2023-06-12 13:23:57,015 - pyswarms.single.global_best - INFO - Optimization finished | best cost: 0.0004097780690848406, best pos: [0.979878   0.96038188]
2023-06-12 13:24:12,631 - pyswarms.single.global_best - INFO - Optimize for 100 iters with {'c1': 0.5, 'c2': 0.3, 'w': 0.9}
2023-06-12 13:24:12,748 - pyswarms.single.global_best - INFO - Optimization finished | best cost: 2.0350157478515405e-07, best pos: [1.00002126 1.00008757]
2023-06-12 13:24:18,825 - pyswarms.single.global_best - INFO - Optimize for 100 iters with {'c1': 0.5, 'c2': 0.3, 'w': 0.9}
2023-06-12 13:24:18,922 - pyswarms.single.global_best - INFO - Optimization finished | best cost: 8.043677819865938e-08, best pos: [1.00012998 1.00023477]
2023-06-12 13:24:22,037 - pyswarms.single.global_best - INFO - Optimize for 100 iters with {'c1': 0.5, 'c2': 0.3, 'w': 0.9}
2023-06-12 13:24:22,142 - pyswarms.single.global_best - INFO - Optimization finished | best cost: 4.6395600110065776e-08, best pos: [0.9997948 0.9995831]
2023-06-12 13:27:05,942 - pyswarms.single.global_best - INFO - Optimize for 100 iters with {'c1': 0.5, 'c2': 0.3, 'w': 0.9}
2023-06-12 13:27:06,016 - pyswarms.single.global_best - INFO - Optimization finished | best cost: 2.6440235404817625e-08, best pos: [1.00008986 1.00019329]
2023-06-12 13:27:08,501 - pyswarms.single.global_best - INFO - Optimize for 100 iters with {'c1': 0.5, 'c2': 0.3, 'w': 0.9}
2023-06-12 13:27:08,587 - pyswarms.single.global_best - INFO - Optimization finished | best cost: 4.2852647932125114e-07, best pos: [0.99964678 0.99934879]
2023-06-12 13:27:13,125 - pyswarms.single.global_best - INFO - Optimize for 100 iters with {'c1': 0.5, 'c2': 0.3, 'w': 0.9}
2023-06-12 13:27:13,218 - pyswarms.single.global_best - INFO - Optimization finished | best cost: 5.67041603726388e-07, best pos: [1.0006689  1.00137284]
2023-06-12 13:29:31,740 - pyswarms.single.global_best - INFO - Optimize for 100 iters with {'c1': 0.5, 'c2': 0.3, 'w': 0.9}
2023-06-12 13:29:31,863 - pyswarms.single.global_best - INFO - Optimization finished | best cost: 9.56687485640929e-08, best pos: [1.00027497 1.00056418]
2023-06-12 13:29:36,109 - pyswarms.single.global_best - INFO - Optimize for 100 iters with {'c1': 0.5, 'c2': 0.3, 'w': 0.9}
2023-06-12 13:29:36,217 - pyswarms.single.global_best - INFO - Optimization finished | best cost: 1.1258474057327098e-07, best pos: [1.0000254  1.00001734]
2023-06-12 13:29:38,362 - pyswarms.single.global_best - INFO - Optimize for 100 iters with {'c1': 0.5, 'c2': 0.3, 'w': 0.9}
2023-06-12 13:29:38,510 - pyswarms.single.global_best - INFO - Optimization finished | best cost: 3.072731835043194e-07, best pos: [1.00044652 1.0008604 ]
2023-06-12 13:29:40,623 - pyswarms.single.global_best - INFO - Optimize for 100 iters with {'c1': 0.5, 'c2': 0.3, 'w': 0.9}
2023-06-12 13:29:40,725 - pyswarms.single.global_best - INFO - Optimization finished | best cost: 5.031554034940096e-08, best pos: [1.00021403 1.00042138]
2023-06-12 13:29:43,195 - pyswarms.single.global_best - INFO - Optimize for 100 iters with {'c1': 0.5, 'c2': 0.3, 'w': 0.9}
2023-06-12 13:29:43,294 - pyswarms.single.global_best - INFO - Optimization finished | best cost: 4.092829159849452e-07, best pos: [1.0001149  1.00016688]
2023-06-12 13:30:16,922 - pyswarms.single.global_best - INFO - Optimize for 150 iters with {'c1': 0.5, 'c2': 0.3, 'w': 0.9}
2023-06-12 13:30:17,095 - pyswarms.single.global_best - INFO - Optimization finished | best cost: 1.7573268913997746e-10, best pos: [0.99998741 0.99997523]
2023-06-12 13:30:21,395 - pyswarms.single.global_best - INFO - Optimize for 150 iters with {'c1': 0.5, 'c2': 0.3, 'w': 0.9}
2023-06-12 13:30:21,545 - pyswarms.single.global_best - INFO - Optimization finished | best cost: 3.901804658774085e-09, best pos: [1.000061   1.00012067]
2023-06-12 13:30:23,455 - pyswarms.single.global_best - INFO - Optimize for 150 iters with {'c1': 0.5, 'c2': 0.3, 'w': 0.9}
2023-06-12 13:30:23,746 - pyswarms.single.global_best - INFO - Optimization finished | best cost: 1.2083325901224145e-09, best pos: [0.99999525 0.99999395]
2023-06-12 13:30:26,121 - pyswarms.single.global_best - INFO - Optimize for 150 iters with {'c1': 0.5, 'c2': 0.3, 'w': 0.9}
2023-06-12 13:30:26,267 - pyswarms.single.global_best - INFO - Optimization finished | best cost: 1.5983301889335494e-10, best pos: [1.0000122  1.00002408]
2023-06-12 13:30:48,835 - pyswarms.single.global_best - INFO - Optimize for 150 iters with {'c1': 0.5, 'c2': 0.3, 'w': 0.9}
2023-06-12 13:30:49,006 - pyswarms.single.global_best - INFO - Optimization finished | best cost: 3.5030624033224756e-09, best pos: [1.00005802 1.00011488]
2023-06-12 13:31:03,874 - pyswarms.single.global_best - INFO - Optimize for 150 iters with {'c1': 0.5, 'c2': 0.3, 'w': 0.9}
2023-06-12 13:31:04,044 - pyswarms.single.global_best - INFO - Optimization finished | best cost: 7.853625163517668e-10, best pos: [0.99997315 0.99994711]
2023-06-12 13:31:56,755 - pyswarms.single.global_best - INFO - Optimize for 150 iters with {'c1': 0.5, 'c2': 0.3, 'w': 0.9}
2023-06-12 13:31:56,919 - pyswarms.single.global_best - INFO - Optimization finished | best cost: 2.2023047483207138e-09, best pos: [0.9999981  1.00000088]
2023-06-12 13:32:03,168 - pyswarms.single.global_best - INFO - Optimize for 150 iters with {'c1': 0.5, 'c2': 0.3, 'w': 0.9}
2023-06-12 13:32:03,306 - pyswarms.single.global_best - INFO - Optimization finished | best cost: 8.637756324533468e-10, best pos: [0.99997435 0.99994726]
2023-06-12 13:32:18,533 - pyswarms.single.global_best - INFO - Optimize for 150 iters with {'c1': 0.5, 'c2': 0.3, 'w': 0.9}
2023-06-12 13:32:18,682 - pyswarms.single.global_best - INFO - Optimization finished | best cost: 4.278066908845585e-09, best pos: [1.00002415 1.00005438]
2023-06-12 13:32:21,621 - pyswarms.single.global_best - INFO - Optimize for 150 iters with {'c1': 0.5, 'c2': 0.3, 'w': 0.9}
2023-06-12 13:32:21,752 - pyswarms.single.global_best - INFO - Optimization finished | best cost: 7.68938666794499e-10, best pos: [0.99997877 0.99995575]
2023-06-12 13:35:41,836 - pyswarms.single.global_best - INFO - Optimize for 150 iters with {'c1': 0.5, 'c2': 0.3, 'w': 0.9}
2023-06-12 13:35:41,990 - pyswarms.single.global_best - INFO - Optimization finished | best cost: 1.952744333181539e-09, best pos: [0.99996815 0.99993936]
2023-06-12 13:36:26,076 - pyswarms.single.global_best - INFO - Optimize for 150 iters with {'c1': 0.5, 'c2': 0.3, 'w': 0.9}
2023-06-12 13:36:26,264 - pyswarms.single.global_best - INFO - Optimization finished | best cost: 9.89539914313938e-09, best pos: [0.99996218 0.99993357]
2023-06-12 13:39:11,334 - pyswarms.single.global_best - INFO - Optimize for 150 iters with {'c1': 0.5, 'c2': 0.3, 'w': 0.9}
2023-06-12 13:39:11,478 - pyswarms.single.global_best - INFO - Optimization finished | best cost: 3.133785721816092e-09, best pos: [0.99996108 0.99992618]
2023-06-12 13:40:23,104 - pyswarms.single.global_best - INFO - Optimize for 150 iters with {'c1': 0.5, 'c2': 0.3, 'w': 0.9}
2023-06-12 13:40:23,261 - pyswarms.single.global_best - INFO - Optimization finished | best cost: 6.817337991174702e-09, best pos: [0.99992916 0.99986256]
2023-06-12 13:44:46,693 - pyswarms.single.global_best - INFO - Optimize for 150 iters with {'c1': 0.5, 'c2': 0.3, 'w': 0.9}
2023-06-12 13:44:46,834 - pyswarms.single.global_best - INFO - Optimization finished | best cost: 4.460536839518978e-10, best pos: [0.99999362 0.99998925]
2023-06-12 13:45:28,319 - pyswarms.single.global_best - INFO - Optimize for 150 iters with {'c1': 0.5, 'c2': 0.3, 'w': 0.9}
2023-06-12 13:45:28,473 - pyswarms.single.global_best - INFO - Optimization finished | best cost: 5.7625695072087675e-09, best pos: [1.00001296 1.00001844]
2023-06-12 14:27:36,428 - pyswarms.single.global_best - INFO - Optimize for 150 iters with {'c1': 0.5, 'c2': 0.3, 'w': 0.9}
2023-06-12 14:27:36,594 - pyswarms.single.global_best - INFO - Optimization finished | best cost: 2.949625347267528e-09, best pos: [1.00004571 1.00009436]
2023-06-12 14:27:36,601 - pyswarms.single.global_best - INFO - Optimize for 150 iters with {'c1': 0.5, 'c2': 0.3, 'w': 0.9}
2023-06-12 14:27:36,753 - pyswarms.single.global_best - INFO - Optimization finished | best cost: 1.3524066542212512e-09, best pos: [0.99997846 0.99995991]
2023-06-12 14:27:36,759 - pyswarms.single.global_best - INFO - Optimize for 150 iters with {'c1': 0.5, 'c2': 0.3, 'w': 0.9}
2023-06-12 14:27:36,909 - pyswarms.single.global_best - INFO - Optimization finished | best cost: 7.379119050099449e-10, best pos: [0.99999839 0.99999406]
2023-06-12 14:27:36,914 - pyswarms.single.global_best - INFO - Optimize for 150 iters with {'c1': 0.5, 'c2': 0.3, 'w': 0.9}
2023-06-12 14:27:37,077 - pyswarms.single.global_best - INFO - Optimization finished | best cost: 3.912521664838104e-09, best pos: [0.99997029 0.99993508]
2023-06-12 14:27:37,084 - pyswarms.single.global_best - INFO - Optimize for 150 iters with {'c1': 0.5, 'c2': 0.3, 'w': 0.9}
2023-06-12 14:27:37,453 - pyswarms.single.global_best - INFO - Optimization finished | best cost: 1.0138521767800735e-09, best pos: [1.00000265 1.00000213]
2023-06-12 14:27:37,459 - pyswarms.single.global_best - INFO - Optimize for 150 iters with {'c1': 0.5, 'c2': 0.3, 'w': 0.9}
2023-06-12 14:27:37,612 - pyswarms.single.global_best - INFO - Optimization finished | best cost: 9.663320784243306e-10, best pos: [0.9999807  0.99995897]
2023-06-12 14:27:37,618 - pyswarms.single.global_best - INFO - Optimize for 150 iters with {'c1': 0.5, 'c2': 0.3, 'w': 0.9}
2023-06-12 14:27:37,770 - pyswarms.single.global_best - INFO - Optimization finished | best cost: 6.373802727816102e-10, best pos: [0.99997548 0.99995035]
2023-06-12 14:27:37,776 - pyswarms.single.global_best - INFO - Optimize for 150 iters with {'c1': 0.5, 'c2': 0.3, 'w': 0.9}
2023-06-12 14:27:37,927 - pyswarms.single.global_best - INFO - Optimization finished | best cost: 3.851655521691197e-10, best pos: [0.99999028 0.99998227]
2023-06-12 14:27:37,935 - pyswarms.single.global_best - INFO - Optimize for 150 iters with {'c1': 0.5, 'c2': 0.3, 'w': 0.9}
2023-06-12 14:27:38,095 - pyswarms.single.global_best - INFO - Optimization finished | best cost: 1.0402374131428677e-09, best pos: [0.99997253 0.99994676]
2023-06-12 14:27:38,102 - pyswarms.single.global_best - INFO - Optimize for 150 iters with {'c1': 0.5, 'c2': 0.3, 'w': 0.9}
2023-06-12 14:27:38,266 - pyswarms.single.global_best - INFO - Optimization finished | best cost: 1.3423708451096243e-09, best pos: [0.99997382 0.99995021]
2023-06-12 14:27:38,273 - pyswarms.single.global_best - INFO - Optimize for 150 iters with {'c1': 0.5, 'c2': 0.3, 'w': 0.9}
2023-06-12 14:27:38,425 - pyswarms.single.global_best - INFO - Optimization finished | best cost: 1.4964942744318588e-09, best pos: [0.99996574 0.99993329]
2023-06-12 14:27:38,433 - pyswarms.single.global_best - INFO - Optimize for 150 iters with {'c1': 0.5, 'c2': 0.3, 'w': 0.9}
2023-06-12 14:27:38,598 - pyswarms.single.global_best - INFO - Optimization finished | best cost: 3.8478259053821664e-10, best pos: [1.00000854 1.00001884]
2023-06-12 14:27:38,605 - pyswarms.single.global_best - INFO - Optimize for 150 iters with {'c1': 0.5, 'c2': 0.3, 'w': 0.9}
2023-06-12 14:27:38,764 - pyswarms.single.global_best - INFO - Optimization finished | best cost: 6.039950008197187e-09, best pos: [0.99994326 0.99988121]
2023-06-12 14:27:38,771 - pyswarms.single.global_best - INFO - Optimize for 150 iters with {'c1': 0.5, 'c2': 0.3, 'w': 0.9}
2023-06-12 14:27:38,918 - pyswarms.single.global_best - INFO - Optimization finished | best cost: 4.606876056912496e-10, best pos: [1.00002023 1.00003974]
2023-06-12 14:27:38,927 - pyswarms.single.global_best - INFO - Optimize for 150 iters with {'c1': 0.5, 'c2': 0.3, 'w': 0.9}
2023-06-12 14:27:39,334 - pyswarms.single.global_best - INFO - Optimization finished | best cost: 1.294989098846732e-09, best pos: [1.00002194 1.00004674]
2023-06-12 14:27:39,343 - pyswarms.single.global_best - INFO - Optimize for 150 iters with {'c1': 0.5, 'c2': 0.3, 'w': 0.9}
2023-06-12 14:27:39,563 - pyswarms.single.global_best - INFO - Optimization finished | best cost: 2.8809817286292673e-10, best pos: [0.99998304 0.99996601]
2023-06-12 14:27:39,571 - pyswarms.single.global_best - INFO - Optimize for 150 iters with {'c1': 0.5, 'c2': 0.3, 'w': 0.9}
2023-06-12 14:27:39,752 - pyswarms.single.global_best - INFO - Optimization finished | best cost: 1.344594289343408e-09, best pos: [1.00003667 1.00007338]
2023-06-12 14:27:39,759 - pyswarms.single.global_best - INFO - Optimize for 150 iters with {'c1': 0.5, 'c2': 0.3, 'w': 0.9}
2023-06-12 14:27:39,926 - pyswarms.single.global_best - INFO - Optimization finished | best cost: 4.972725443331135e-09, best pos: [1.00003696 1.00007992]
2023-06-12 14:27:39,933 - pyswarms.single.global_best - INFO - Optimize for 150 iters with {'c1': 0.5, 'c2': 0.3, 'w': 0.9}
2023-06-12 14:27:40,099 - pyswarms.single.global_best - INFO - Optimization finished | best cost: 2.2653686843874035e-09, best pos: [1.00004657 1.00009215]
2023-06-12 14:27:40,106 - pyswarms.single.global_best - INFO - Optimize for 150 iters with {'c1': 0.5, 'c2': 0.3, 'w': 0.9}
2023-06-12 14:27:40,263 - pyswarms.single.global_best - INFO - Optimization finished | best cost: 3.0716247092308923e-09, best pos: [1.00002549 1.00004606]
2023-06-12 14:27:40,269 - pyswarms.single.global_best - INFO - Optimize for 150 iters with {'c1': 0.5, 'c2': 0.3, 'w': 0.9}
2023-06-12 14:27:40,438 - pyswarms.single.global_best - INFO - Optimization finished | best cost: 1.4525802040243884e-09, best pos: [1.00000786 1.00001945]
2023-06-12 14:27:40,444 - pyswarms.single.global_best - INFO - Optimize for 150 iters with {'c1': 0.5, 'c2': 0.3, 'w': 0.9}
2023-06-12 14:27:40,607 - pyswarms.single.global_best - INFO - Optimization finished | best cost: 4.154738482027716e-09, best pos: [0.99994247 0.99988204]
2023-06-12 14:27:40,617 - pyswarms.single.global_best - INFO - Optimize for 150 iters with {'c1': 0.5, 'c2': 0.3, 'w': 0.9}
2023-06-12 14:27:40,789 - pyswarms.single.global_best - INFO - Optimization finished | best cost: 3.3343448476851793e-10, best pos: [1.00001241 1.00002349]
2023-06-12 14:27:40,797 - pyswarms.single.global_best - INFO - Optimize for 150 iters with {'c1': 0.5, 'c2': 0.3, 'w': 0.9}
2023-06-12 14:27:40,963 - pyswarms.single.global_best - INFO - Optimization finished | best cost: 1.0351680792223377e-08, best pos: [0.9999859  0.99996173]
2023-06-12 14:27:40,971 - pyswarms.single.global_best - INFO - Optimize for 150 iters with {'c1': 0.5, 'c2': 0.3, 'w': 0.9}
2023-06-12 14:27:41,378 - pyswarms.single.global_best - INFO - Optimization finished | best cost: 2.6756631527961637e-09, best pos: [1.00004878 1.00009928]
2023-06-12 14:27:41,393 - pyswarms.single.global_best - INFO - Optimize for 150 iters with {'c1': 0.5, 'c2': 0.3, 'w': 0.9}
2023-06-12 14:27:41,558 - pyswarms.single.global_best - INFO - Optimization finished | best cost: 9.305702737163566e-09, best pos: [0.99998304 0.99995658]
2023-06-12 14:27:41,565 - pyswarms.single.global_best - INFO - Optimize for 150 iters with {'c1': 0.5, 'c2': 0.3, 'w': 0.9}
2023-06-12 14:27:41,739 - pyswarms.single.global_best - INFO - Optimization finished | best cost: 8.009477914101333e-10, best pos: [1.00000207 1.00000696]
2023-06-12 14:27:41,746 - pyswarms.single.global_best - INFO - Optimize for 150 iters with {'c1': 0.5, 'c2': 0.3, 'w': 0.9}
2023-06-12 14:27:41,913 - pyswarms.single.global_best - INFO - Optimization finished | best cost: 2.0710632792796533e-09, best pos: [1.00000132 1.00000719]
2023-06-12 14:27:41,919 - pyswarms.single.global_best - INFO - Optimize for 150 iters with {'c1': 0.5, 'c2': 0.3, 'w': 0.9}
2023-06-12 14:27:42,084 - pyswarms.single.global_best - INFO - Optimization finished | best cost: 1.7659354630418156e-10, best pos: [0.99998919 0.9999776 ]
2023-06-12 14:27:42,093 - pyswarms.single.global_best - INFO - Optimize for 150 iters with {'c1': 0.5, 'c2': 0.3, 'w': 0.9}
2023-06-12 14:27:42,265 - pyswarms.single.global_best - INFO - Optimization finished | best cost: 2.659914459742388e-10, best pos: [0.99998418 0.99996876]
2023-06-12 14:29:13,088 - pyswarms.single.global_best - INFO - Optimize for 150 iters with {'c1': 0.5, 'c2': 0.3, 'w': 0.9}
2023-06-12 14:29:13,243 - pyswarms.single.global_best - INFO - Optimization finished | best cost: 2.015475432988421e-09, best pos: [1.00000813 1.00001184]
2023-06-12 14:29:13,254 - pyswarms.single.global_best - INFO - Optimize for 150 iters with {'c1': 0.5, 'c2': 0.3, 'w': 0.9}
2023-06-12 14:29:13,578 - pyswarms.single.global_best - INFO - Optimization finished | best cost: 6.488445974459341e-09, best pos: [1.00001805 1.00002826]
2023-06-12 14:29:13,585 - pyswarms.single.global_best - INFO - Optimize for 150 iters with {'c1': 0.5, 'c2': 0.3, 'w': 0.9}
2023-06-12 14:29:13,731 - pyswarms.single.global_best - INFO - Optimization finished | best cost: 2.2927971602884997e-08, best pos: [0.99993156 0.99987664]
2023-06-12 14:29:13,738 - pyswarms.single.global_best - INFO - Optimize for 150 iters with {'c1': 0.5, 'c2': 0.3, 'w': 0.9}
2023-06-12 14:29:13,886 - pyswarms.single.global_best - INFO - Optimization finished | best cost: 4.1609251936373575e-09, best pos: [0.99995409 0.99991272]
2023-06-12 14:29:13,893 - pyswarms.single.global_best - INFO - Optimize for 150 iters with {'c1': 0.5, 'c2': 0.3, 'w': 0.9}
2023-06-12 14:29:14,040 - pyswarms.single.global_best - INFO - Optimization finished | best cost: 3.7960891393323786e-09, best pos: [0.99996165 0.99992811]
2023-06-12 14:29:14,047 - pyswarms.single.global_best - INFO - Optimize for 150 iters with {'c1': 0.5, 'c2': 0.3, 'w': 0.9}
2023-06-12 14:29:14,204 - pyswarms.single.global_best - INFO - Optimization finished | best cost: 2.6433148176716222e-09, best pos: [1.00004277 1.00008839]
2023-06-12 14:29:14,212 - pyswarms.single.global_best - INFO - Optimize for 150 iters with {'c1': 0.5, 'c2': 0.3, 'w': 0.9}
2023-06-12 14:29:14,389 - pyswarms.single.global_best - INFO - Optimization finished | best cost: 1.3318082716254371e-09, best pos: [1.00002071 1.00004443]
2023-06-12 14:29:14,396 - pyswarms.single.global_best - INFO - Optimize for 150 iters with {'c1': 0.5, 'c2': 0.3, 'w': 0.9}
2023-06-12 14:29:14,549 - pyswarms.single.global_best - INFO - Optimization finished | best cost: 1.6909500998134394e-09, best pos: [0.99995934 0.9999193 ]
2023-06-12 14:29:14,560 - pyswarms.single.global_best - INFO - Optimize for 150 iters with {'c1': 0.5, 'c2': 0.3, 'w': 0.9}
2023-06-12 14:29:14,711 - pyswarms.single.global_best - INFO - Optimization finished | best cost: 2.418305392788983e-10, best pos: [1.00001537 1.00003098]
2023-06-12 14:29:14,719 - pyswarms.single.global_best - INFO - Optimize for 150 iters with {'c1': 0.5, 'c2': 0.3, 'w': 0.9}
2023-06-12 14:29:14,872 - pyswarms.single.global_best - INFO - Optimization finished | best cost: 9.480010627925246e-09, best pos: [1.00007944 1.00015326]
2023-06-12 14:29:14,879 - pyswarms.single.global_best - INFO - Optimize for 150 iters with {'c1': 0.5, 'c2': 0.3, 'w': 0.9}
2023-06-12 14:29:15,050 - pyswarms.single.global_best - INFO - Optimization finished | best cost: 5.832108913894407e-09, best pos: [1.00007603 1.00015278]
2023-06-12 14:29:15,058 - pyswarms.single.global_best - INFO - Optimize for 150 iters with {'c1': 0.5, 'c2': 0.3, 'w': 0.9}
2023-06-12 14:29:15,215 - pyswarms.single.global_best - INFO - Optimization finished | best cost: 3.187363925863927e-09, best pos: [1.00004065 1.00008523]
2023-06-12 14:29:15,223 - pyswarms.single.global_best - INFO - Optimize for 150 iters with {'c1': 0.5, 'c2': 0.3, 'w': 0.9}
2023-06-12 14:29:15,382 - pyswarms.single.global_best - INFO - Optimization finished | best cost: 6.260305936370959e-10, best pos: [0.99997635 0.99995189]
2023-06-12 14:29:15,407 - pyswarms.single.global_best - INFO - Optimize for 150 iters with {'c1': 0.5, 'c2': 0.3, 'w': 0.9}
2023-06-12 14:29:15,762 - pyswarms.single.global_best - INFO - Optimization finished | best cost: 8.524763320048765e-10, best pos: [0.99997125 0.99994199]
2023-06-12 14:29:15,772 - pyswarms.single.global_best - INFO - Optimize for 150 iters with {'c1': 0.5, 'c2': 0.3, 'w': 0.9}
2023-06-12 14:29:15,928 - pyswarms.single.global_best - INFO - Optimization finished | best cost: 2.785870190991938e-10, best pos: [0.99999995 0.99999822]
2023-06-12 14:29:15,938 - pyswarms.single.global_best - INFO - Optimize for 150 iters with {'c1': 0.5, 'c2': 0.3, 'w': 0.9}
2023-06-12 14:29:16,106 - pyswarms.single.global_best - INFO - Optimization finished | best cost: 4.275113411757551e-10, best pos: [0.99998548 0.99997243]
2023-06-12 14:29:16,114 - pyswarms.single.global_best - INFO - Optimize for 150 iters with {'c1': 0.5, 'c2': 0.3, 'w': 0.9}
2023-06-12 14:29:16,282 - pyswarms.single.global_best - INFO - Optimization finished | best cost: 2.842117124590891e-09, best pos: [1.00002515 1.000055  ]
2023-06-12 14:29:16,291 - pyswarms.single.global_best - INFO - Optimize for 150 iters with {'c1': 0.5, 'c2': 0.3, 'w': 0.9}
2023-06-12 14:29:16,457 - pyswarms.single.global_best - INFO - Optimization finished | best cost: 2.07900314719355e-08, best pos: [0.9998996  0.99980956]
2023-06-12 14:29:16,467 - pyswarms.single.global_best - INFO - Optimize for 150 iters with {'c1': 0.5, 'c2': 0.3, 'w': 0.9}
2023-06-12 14:29:16,630 - pyswarms.single.global_best - INFO - Optimization finished | best cost: 4.676545632625594e-10, best pos: [1.00000289 1.00000363]
2023-06-12 14:29:16,638 - pyswarms.single.global_best - INFO - Optimize for 150 iters with {'c1': 0.5, 'c2': 0.3, 'w': 0.9}
2023-06-12 14:29:16,806 - pyswarms.single.global_best - INFO - Optimization finished | best cost: 2.2909479247414017e-10, best pos: [0.99998714 0.99997347]
2023-06-12 14:29:16,815 - pyswarms.single.global_best - INFO - Optimize for 150 iters with {'c1': 0.5, 'c2': 0.3, 'w': 0.9}
2023-06-12 14:29:16,981 - pyswarms.single.global_best - INFO - Optimization finished | best cost: 2.246618503697941e-09, best pos: [0.99996431 0.99993175]
2023-06-12 14:29:16,987 - pyswarms.single.global_best - INFO - Optimize for 150 iters with {'c1': 0.5, 'c2': 0.3, 'w': 0.9}
2023-06-12 14:29:17,151 - pyswarms.single.global_best - INFO - Optimization finished | best cost: 1.4617189366028859e-09, best pos: [1.00000278 1.00000937]
2023-06-12 14:29:17,168 - pyswarms.single.global_best - INFO - Optimize for 150 iters with {'c1': 0.5, 'c2': 0.3, 'w': 0.9}
2023-06-12 14:29:17,581 - pyswarms.single.global_best - INFO - Optimization finished | best cost: 1.977083506655006e-10, best pos: [0.99998683 0.99997415]
2023-06-12 14:29:17,587 - pyswarms.single.global_best - INFO - Optimize for 150 iters with {'c1': 0.5, 'c2': 0.3, 'w': 0.9}
2023-06-12 14:29:17,774 - pyswarms.single.global_best - INFO - Optimization finished | best cost: 5.817901334054481e-09, best pos: [0.99992444 0.99984785]
2023-06-12 14:29:17,782 - pyswarms.single.global_best - INFO - Optimize for 150 iters with {'c1': 0.5, 'c2': 0.3, 'w': 0.9}
2023-06-12 14:29:17,945 - pyswarms.single.global_best - INFO - Optimization finished | best cost: 5.138193375898872e-09, best pos: [1.00006525 1.00012753]
2023-06-12 14:29:17,952 - pyswarms.single.global_best - INFO - Optimize for 150 iters with {'c1': 0.5, 'c2': 0.3, 'w': 0.9}
2023-06-12 14:29:18,121 - pyswarms.single.global_best - INFO - Optimization finished | best cost: 4.907925640209943e-10, best pos: [0.99999993 1.00000207]
2023-06-12 14:29:18,129 - pyswarms.single.global_best - INFO - Optimize for 150 iters with {'c1': 0.5, 'c2': 0.3, 'w': 0.9}
2023-06-12 14:29:18,297 - pyswarms.single.global_best - INFO - Optimization finished | best cost: 1.1875056173500818e-08, best pos: [1.00008472 1.00017629]
2023-06-12 14:29:18,304 - pyswarms.single.global_best - INFO - Optimize for 150 iters with {'c1': 0.5, 'c2': 0.3, 'w': 0.9}
2023-06-12 14:29:18,470 - pyswarms.single.global_best - INFO - Optimization finished | best cost: 5.264911090633148e-09, best pos: [1.00005492 1.00011458]
2023-06-12 14:29:18,477 - pyswarms.single.global_best - INFO - Optimize for 150 iters with {'c1': 0.5, 'c2': 0.3, 'w': 0.9}
2023-06-12 14:29:18,647 - pyswarms.single.global_best - INFO - Optimization finished | best cost: 5.120555924071226e-09, best pos: [0.99993872 0.99988114]
2023-06-12 14:29:18,656 - pyswarms.single.global_best - INFO - Optimize for 150 iters with {'c1': 0.5, 'c2': 0.3, 'w': 0.9}
2023-06-12 14:29:18,841 - pyswarms.single.global_best - INFO - Optimization finished | best cost: 1.6869776876112804e-09, best pos: [0.99997334 0.99994981]
2023-06-12 14:30:26,447 - pyswarms.single.global_best - INFO - Optimize for 150 iters with {'c1': 0.5, 'c2': 0.3, 'w': 0.9}
2023-06-12 14:30:26,600 - pyswarms.single.global_best - INFO - Optimization finished | best cost: 3.0709716160530664e-10, best pos: [1.00001631 1.00003326]
2023-06-12 14:30:26,602 - pyswarms.single.global_best - INFO - Optimize for 150 iters with {'c1': 0.5, 'c2': 0.3, 'w': 0.9}
2023-06-12 14:30:26,747 - pyswarms.single.global_best - INFO - Optimization finished | best cost: 8.442881909308385e-15, best pos: [0.99999992 0.99999984]
2023-06-12 14:30:26,749 - pyswarms.single.global_best - INFO - Optimize for 150 iters with {'c1': 0.5, 'c2': 0.3, 'w': 0.9}
2023-06-12 14:30:26,899 - pyswarms.single.global_best - INFO - Optimization finished | best cost: 3.648678764320795e-20, best pos: [1. 1.]
2023-06-12 14:30:26,900 - pyswarms.single.global_best - INFO - Optimize for 150 iters with {'c1': 0.5, 'c2': 0.3, 'w': 0.9}
2023-06-12 14:30:27,054 - pyswarms.single.global_best - INFO - Optimization finished | best cost: 1.5879042790951967e-26, best pos: [1. 1.]
2023-06-12 14:30:27,055 - pyswarms.single.global_best - INFO - Optimize for 150 iters with {'c1': 0.5, 'c2': 0.3, 'w': 0.9}
2023-06-12 14:30:27,399 - pyswarms.single.global_best - INFO - Optimization finished | best cost: 1.9721522630525295e-31, best pos: [1. 1.]
2023-06-12 14:30:27,404 - pyswarms.single.global_best - INFO - Optimize for 150 iters with {'c1': 0.5, 'c2': 0.3, 'w': 0.9}
2023-06-12 14:30:27,553 - pyswarms.single.global_best - INFO - Optimization finished | best cost: 0.0, best pos: [1. 1.]
2023-06-12 14:30:27,555 - pyswarms.single.global_best - INFO - Optimize for 150 iters with {'c1': 0.5, 'c2': 0.3, 'w': 0.9}
2023-06-12 14:30:27,704 - pyswarms.single.global_best - INFO - Optimization finished | best cost: 0.0, best pos: [1. 1.]
2023-06-12 14:30:27,705 - pyswarms.single.global_best - INFO - Optimize for 150 iters with {'c1': 0.5, 'c2': 0.3, 'w': 0.9}
2023-06-12 14:30:27,857 - pyswarms.single.global_best - INFO - Optimization finished | best cost: 0.0, best pos: [1. 1.]
2023-06-12 14:30:27,858 - pyswarms.single.global_best - INFO - Optimize for 150 iters with {'c1': 0.5, 'c2': 0.3, 'w': 0.9}
2023-06-12 14:30:28,008 - pyswarms.single.global_best - INFO - Optimization finished | best cost: 0.0, best pos: [1. 1.]
2023-06-12 14:30:28,010 - pyswarms.single.global_best - INFO - Optimize for 150 iters with {'c1': 0.5, 'c2': 0.3, 'w': 0.9}
2023-06-12 14:30:28,162 - pyswarms.single.global_best - INFO - Optimization finished | best cost: 0.0, best pos: [1. 1.]
2023-06-12 14:30:28,164 - pyswarms.single.global_best - INFO - Optimize for 150 iters with {'c1': 0.5, 'c2': 0.3, 'w': 0.9}
2023-06-12 14:30:28,311 - pyswarms.single.global_best - INFO - Optimization finished | best cost: 0.0, best pos: [1. 1.]
2023-06-12 14:30:28,314 - pyswarms.single.global_best - INFO - Optimize for 150 iters with {'c1': 0.5, 'c2': 0.3, 'w': 0.9}
2023-06-12 14:30:28,471 - pyswarms.single.global_best - INFO - Optimization finished | best cost: 0.0, best pos: [1. 1.]
2023-06-12 14:30:28,473 - pyswarms.single.global_best - INFO - Optimize for 150 iters with {'c1': 0.5, 'c2': 0.3, 'w': 0.9}
2023-06-12 14:30:28,631 - pyswarms.single.global_best - INFO - Optimization finished | best cost: 0.0, best pos: [1. 1.]
2023-06-12 14:30:28,633 - pyswarms.single.global_best - INFO - Optimize for 150 iters with {'c1': 0.5, 'c2': 0.3, 'w': 0.9}
2023-06-12 14:30:28,794 - pyswarms.single.global_best - INFO - Optimization finished | best cost: 0.0, best pos: [1. 1.]
2023-06-12 14:30:28,797 - pyswarms.single.global_best - INFO - Optimize for 150 iters with {'c1': 0.5, 'c2': 0.3, 'w': 0.9}
2023-06-12 14:30:28,951 - pyswarms.single.global_best - INFO - Optimization finished | best cost: 0.0, best pos: [1. 1.]
2023-06-12 14:30:28,955 - pyswarms.single.global_best - INFO - Optimize for 150 iters with {'c1': 0.5, 'c2': 0.3, 'w': 0.9}
2023-06-12 14:30:29,368 - pyswarms.single.global_best - INFO - Optimization finished | best cost: 0.0, best pos: [1. 1.]
2023-06-12 14:30:29,372 - pyswarms.single.global_best - INFO - Optimize for 150 iters with {'c1': 0.5, 'c2': 0.3, 'w': 0.9}
2023-06-12 14:30:29,556 - pyswarms.single.global_best - INFO - Optimization finished | best cost: 0.0, best pos: [1. 1.]
2023-06-12 14:30:29,560 - pyswarms.single.global_best - INFO - Optimize for 150 iters with {'c1': 0.5, 'c2': 0.3, 'w': 0.9}
2023-06-12 14:30:29,756 - pyswarms.single.global_best - INFO - Optimization finished | best cost: 0.0, best pos: [1. 1.]
2023-06-12 14:30:29,759 - pyswarms.single.global_best - INFO - Optimize for 150 iters with {'c1': 0.5, 'c2': 0.3, 'w': 0.9}
2023-06-12 14:30:29,978 - pyswarms.single.global_best - INFO - Optimization finished | best cost: 0.0, best pos: [1. 1.]
2023-06-12 14:30:29,986 - pyswarms.single.global_best - INFO - Optimize for 150 iters with {'c1': 0.5, 'c2': 0.3, 'w': 0.9}
2023-06-12 14:30:30,185 - pyswarms.single.global_best - INFO - Optimization finished | best cost: 0.0, best pos: [1. 1.]
2023-06-12 14:30:30,192 - pyswarms.single.global_best - INFO - Optimize for 150 iters with {'c1': 0.5, 'c2': 0.3, 'w': 0.9}
2023-06-12 14:30:30,408 - pyswarms.single.global_best - INFO - Optimization finished | best cost: 0.0, best pos: [1. 1.]
2023-06-12 14:30:30,412 - pyswarms.single.global_best - INFO - Optimize for 150 iters with {'c1': 0.5, 'c2': 0.3, 'w': 0.9}
2023-06-12 14:30:30,575 - pyswarms.single.global_best - INFO - Optimization finished | best cost: 0.0, best pos: [1. 1.]
2023-06-12 14:30:30,578 - pyswarms.single.global_best - INFO - Optimize for 150 iters with {'c1': 0.5, 'c2': 0.3, 'w': 0.9}
2023-06-12 14:30:30,741 - pyswarms.single.global_best - INFO - Optimization finished | best cost: 0.0, best pos: [1. 1.]
2023-06-12 14:30:30,746 - pyswarms.single.global_best - INFO - Optimize for 150 iters with {'c1': 0.5, 'c2': 0.3, 'w': 0.9}
2023-06-12 14:30:30,904 - pyswarms.single.global_best - INFO - Optimization finished | best cost: 0.0, best pos: [1. 1.]
2023-06-12 14:30:30,909 - pyswarms.single.global_best - INFO - Optimize for 150 iters with {'c1': 0.5, 'c2': 0.3, 'w': 0.9}
2023-06-12 14:30:31,080 - pyswarms.single.global_best - INFO - Optimization finished | best cost: 0.0, best pos: [1. 1.]
2023-06-12 14:30:31,085 - pyswarms.single.global_best - INFO - Optimize for 150 iters with {'c1': 0.5, 'c2': 0.3, 'w': 0.9}
2023-06-12 14:30:31,500 - pyswarms.single.global_best - INFO - Optimization finished | best cost: 0.0, best pos: [1. 1.]
2023-06-12 14:30:31,506 - pyswarms.single.global_best - INFO - Optimize for 150 iters with {'c1': 0.5, 'c2': 0.3, 'w': 0.9}
2023-06-12 14:30:31,669 - pyswarms.single.global_best - INFO - Optimization finished | best cost: 0.0, best pos: [1. 1.]
2023-06-12 14:30:31,677 - pyswarms.single.global_best - INFO - Optimize for 150 iters with {'c1': 0.5, 'c2': 0.3, 'w': 0.9}
2023-06-12 14:30:31,848 - pyswarms.single.global_best - INFO - Optimization finished | best cost: 0.0, best pos: [1. 1.]
2023-06-12 14:30:31,857 - pyswarms.single.global_best - INFO - Optimize for 150 iters with {'c1': 0.5, 'c2': 0.3, 'w': 0.9}
2023-06-12 14:30:32,017 - pyswarms.single.global_best - INFO - Optimization finished | best cost: 0.0, best pos: [1. 1.]
2023-06-12 14:30:32,024 - pyswarms.single.global_best - INFO - Optimize for 150 iters with {'c1': 0.5, 'c2': 0.3, 'w': 0.9}
2023-06-12 14:30:32,193 - pyswarms.single.global_best - INFO - Optimization finished | best cost: 0.0, best pos: [1. 1.]
